[2013-08-10 03:02:14] START
[2013-08-10 03:03:25] EDIT init/views/layout.html: -44
[2013-08-10 03:03:55] EDIT init/models/menu.py: -108
[2013-08-10 03:04:05] EDIT init/models/menu.py: 0
[2013-08-10 03:04:31] EDIT init/models/menu.py: 0
[2013-08-10 03:10:59] EDIT init/views/layout.html: 0
[2013-08-10 03:18:11] EDIT init/views/layout.html: 1
[2013-08-10 03:46:35] EDIT inlrn/views/layout.html: -1
[2013-08-10 03:47:51] EDIT inlrn/views/layout.html: 3
[2013-08-10 03:47:59] EDIT inlrn/views/layout.html: 0
[2013-08-10 03:48:10] EDIT inlrn/views/layout.html: -1
[2013-08-10 03:48:23] EDIT inlrn/views/layout.html: 0
[2013-08-10 03:49:01] EDIT inlrn/views/layout.html: 2
[2013-08-10 03:49:07] EDIT inlrn/views/layout.html: 0
[2013-08-10 03:49:41] EDIT inlrn/views/layout.html: 0
[2013-08-10 03:49:58] EDIT inlrn/views/layout.html: 0
[2013-08-10 03:50:14] EDIT inlrn/models/menu.py: 0
[2013-08-10 03:52:15] EDIT inlrn/views/default/index.html: -30
[2013-08-10 03:52:32] EDIT inlrn/views/default/index.html: 29
[2013-08-10 03:52:51] EDIT inlrn/views/default/index.html: -16
[2013-08-10 03:53:03] EDIT inlrn/views/default/index.html: 0
[2013-08-10 03:53:15] EDIT inlrn/views/default/index.html: 1
[2013-08-10 03:53:27] EDIT inlrn/views/default/index.html: -13
[2013-08-10 04:00:48] EDIT inlrn/views/layout.html: 0
[2013-08-10 04:01:01] EDIT inlrn/models/menu.py: 0
[2013-08-10 04:02:28] EDIT inlrn/models/menu.py: 0
[2013-08-10 04:04:07] EDIT inlrn/models/menu.py: 0
[2013-08-10 04:04:38] EDIT inlrn/views/layout.html: 0
[2013-08-10 04:04:43] EDIT inlrn/models/menu.py: 0
[2013-08-10 04:07:12] EDIT inlrn/views/layout.html: 2
[2013-08-10 04:35:27] EDIT inlrn/models/menu.py: 0
[2013-08-10 04:35:47] EDIT inlrn/models/menu.py: 0
[2013-08-10 04:36:23] EDIT inlrn/models/menu.py: 0
[2013-08-10 04:40:08] EDIT inlrn/models/menu.py: 0
[2013-08-10 04:40:31] EDIT inlrn/models/menu.py: 0
[2013-08-10 04:40:49] EDIT inlrn/models/menu.py: 0
[2013-08-10 04:48:40] EDIT inlrn/views/layout.html: 0
[2013-08-10 04:48:41] EDIT inlrn/views/layout.html: 0
[2013-08-10 04:49:13] EDIT inlrn/views/layout.html: 0
[2013-08-10 04:49:25] EDIT inlrn/views/layout.html: 0
[2013-08-10 04:52:46] EDIT inlrn/views/layout.html: 0
[2013-08-10 04:52:57] EDIT inlrn/views/layout.html: 0
[2013-08-10 04:54:58] EDIT inlrn/views/layout.html: 0
[2013-08-10 04:55:12] EDIT inlrn/views/layout.html: 0
[2013-08-10 04:55:43] EDIT inlrn/views/layout.html: 0
[2013-08-10 04:55:59] EDIT inlrn/views/layout.html: 0
[2013-08-10 04:57:45] EDIT inlrn/views/layout.html: 0
[2013-08-10 04:58:01] EDIT inlrn/views/layout.html: 0
[2013-08-10 04:59:27] EDIT inlrn/views/layout.html: 2
[2013-09-17 21:00:47] EDIT inlrn/models/db.py: 3
[2013-09-17 21:01:27] EDIT inlrn/controllers/default.py: -6
[2013-09-17 21:01:39] EDIT inlrn/views/default/index.html: 1
[2013-09-17 21:02:12] EDIT inlrn/controllers/default.py: 0
[2013-09-17 21:02:28] EDIT inlrn/models/db.py: 1
[2013-10-05 18:06:18] EDIT inlrn/views/layout.html: 0
[2013-10-05 18:12:12] EDIT inlrn/views/layout.html: 10
[2013-10-05 18:12:13] EDIT inlrn/views/layout.html: 0
[2013-10-05 18:12:14] EDIT inlrn/views/layout.html: 0
[2013-10-05 18:58:30] EDIT inlrn/views/layout.html: 0
[2013-10-05 18:58:31] EDIT inlrn/views/layout.html: 0
[2013-10-05 18:58:31] EDIT inlrn/views/layout.html: 0
[2013-10-06 14:58:53] EDIT inlrn/views/layout.html: 0
[2013-10-06 14:59:43] EDIT inlrn/views/layout.html: 0
[2013-10-06 14:59:53] EDIT inlrn/views/layout.html: 0
[2013-10-06 15:01:03] EDIT inlrn/views/layout.html: 0
[2013-10-06 15:01:10] EDIT inlrn/views/layout.html: 0
[2013-10-06 15:01:28] EDIT inlrn/views/layout.html: 0
[2013-10-06 15:01:38] EDIT inlrn/views/layout.html: 0
[2013-10-06 15:02:14] EDIT inlrn/views/layout.html: 0
[2013-10-06 15:02:16] EDIT inlrn/views/layout.html: 0
[2013-10-06 15:02:25] EDIT inlrn/views/layout.html: 0
[2013-10-06 15:02:26] EDIT inlrn/views/layout.html: 0
[2013-10-06 15:12:37] EDIT inlrn/views/layout.html: 0
[2013-10-06 15:12:52] EDIT inlrn/views/layout.html: 0
[2013-10-06 15:12:57] EDIT inlrn/views/layout.html: 0
[2013-10-06 15:13:56] EDIT inlrn/views/layout.html: 0
[2013-10-06 15:14:46] EDIT inlrn/views/layout.html: 0
[2013-10-06 15:15:17] EDIT inlrn/views/layout.html: 0
[2013-10-06 15:16:20] EDIT inlrn/views/layout.html: 0
[2013-10-06 15:16:31] EDIT inlrn/views/layout.html: 0
[2013-10-06 15:20:42] EDIT inlrn/views/layout.html: 0
[2013-10-06 15:21:39] EDIT inlrn/views/layout.html: 0
[2013-10-06 15:26:10] EDIT inlrn/views/default/index.html: 0
[2013-10-06 15:26:16] EDIT inlrn/views/default/index.html: -1
[2013-10-06 15:38:54] EDIT inlrn/views/layout.html: 0
[2013-10-06 15:39:19] EDIT inlrn/views/layout.html: 0
[2013-10-06 15:42:17] EDIT inlrn/controllers/default.py: 3
[2013-10-06 15:44:15] CREATE default/academies.html: 0
[2013-10-06 15:44:27] EDIT inlrn/views/default/academies.html: -1
[2013-10-06 15:44:41] CREATE default/academy.html: 0
[2013-10-06 15:44:51] EDIT inlrn/views/default/academy.html: -1
[2013-10-14 16:58:35] EDIT inlrn/views/default/index.html: 6
[2013-10-14 16:59:57] EDIT inlrn/views/default/academy.html: 1
[2013-10-14 17:00:15] EDIT inlrn/views/default/academies.html: 1
[2013-10-14 17:00:21] EDIT inlrn/views/default/academies.html: 0
[2013-10-26 13:52:24] DELETE inlrn/views/layout.html.1: -123
[2013-10-26 13:53:23] EDIT inlrn/views/layout.html: 0
[2013-10-26 13:55:01] EDIT inlrn/views/layout.html: 0
[2013-10-26 13:55:31] EDIT inlrn/views/layout.html: 0
[2013-10-26 13:56:37] EDIT inlrn/views/layout.html: 0
[2013-10-26 13:56:47] EDIT inlrn/views/layout.html: 0
[2013-10-26 13:57:02] EDIT inlrn/views/layout.html: 0
[2013-10-26 13:57:44] EDIT inlrn/views/layout.html: 3
[2013-10-26 13:58:16] EDIT inlrn/views/layout.html: 0
[2013-10-26 14:00:00] EDIT inlrn/views/layout.html: 0
[2013-10-26 14:00:14] EDIT inlrn/views/layout.html: 0
[2013-10-26 14:01:49] EDIT inlrn/views/layout.html: 0
[2013-10-26 14:03:25] EDIT inlrn/views/layout.html: 0
[2013-10-26 14:03:51] EDIT inlrn/views/layout.html: 0
[2013-10-26 14:07:58] EDIT inlrn/views/layout.html: 0
[2013-10-26 14:08:06] EDIT inlrn/views/layout.html: 0
[2013-10-26 15:56:24] EDIT inlrn/views/layout.html: 0
[2013-10-26 15:56:43] EDIT inlrn/views/layout.html: 0
[2013-10-26 16:30:23] EDIT inlrn/views/layout.html: 1
[2013-10-26 16:30:44] EDIT inlrn/views/layout.html: 0
[2013-10-26 16:31:02] EDIT inlrn/views/layout.html: 0
[2013-10-26 16:31:28] EDIT inlrn/views/layout.html: 0
[2013-10-26 16:32:37] EDIT inlrn/views/default/academies.html: 3
[2013-10-26 16:32:51] EDIT inlrn/views/default/academies.html: 0
[2013-10-26 16:37:06] EDIT inlrn/views/default/academies.html: 0
[2013-10-26 16:37:13] EDIT inlrn/views/default/academies.html: 0
[2013-10-26 16:38:05] EDIT inlrn/controllers/default.py: 2
[2013-10-26 16:38:07] EDIT inlrn/controllers/default.py: 0
[2013-10-26 16:38:20] CREATE default/about.html: 0
[2013-10-26 16:38:33] EDIT inlrn/views/default/about.html: -1
[2013-10-26 17:05:39] EDIT inlrn/views/default/academy.html: 0
[2013-10-27 00:49:33] EDIT inlrn/views/layout.html: 0
[2013-11-13 00:18:25] CREATE default/member.html: 0
[2013-11-13 00:19:23] EDIT inlrn/controllers/default.py: -14
[2013-11-13 00:19:36] DELETE inlrn/views/default/user.html: -23
[2013-11-13 00:19:59] EDIT inlrn/controllers/default.py: 0
[2013-11-13 00:21:01] EDIT inlrn/views/layout.html: 0
[2013-11-13 00:21:09] EDIT inlrn/views/layout.html: 0
[2013-11-13 00:21:38] EDIT inlrn/views/layout.html: 1
[2013-11-13 00:21:38] EDIT inlrn/views/layout.html: 0
[2013-11-13 00:22:07] EDIT inlrn/views/layout.html: 2
[2013-11-13 00:23:17] EDIT inlrn/controllers/default.py: 6
[2013-11-13 00:23:57] CREATE default/discover.html: 0
[2013-11-13 01:24:50] EDIT inlrn/views/default/index.html: 7
[2013-11-13 01:25:10] EDIT inlrn/views/default/index.html: 0
[2013-11-13 01:27:05] EDIT inlrn/views/default/index.html: 1
[2013-11-13 01:30:33] EDIT inlrn/views/default/index.html: 0
[2013-11-13 01:31:39] EDIT inlrn/views/default/index.html: 0
[2013-11-13 01:31:52] EDIT inlrn/views/default/index.html: -1
[2013-11-13 01:31:59] EDIT inlrn/views/default/index.html: 0
[2013-11-13 01:32:17] EDIT inlrn/views/default/index.html: 0
[2013-11-13 01:32:27] EDIT inlrn/views/default/index.html: 0
[2013-11-13 01:32:40] EDIT inlrn/views/default/index.html: 0
[2013-11-13 01:33:55] EDIT inlrn/views/default/index.html: 0
[2013-11-13 01:34:29] EDIT inlrn/views/default/index.html: -1
[2013-11-13 01:34:37] EDIT inlrn/views/default/index.html: -1
[2013-11-13 01:35:41] EDIT inlrn/views/default/index.html: 3
[2013-11-13 01:36:35] EDIT inlrn/views/default/index.html: 0
[2013-11-13 01:40:57] EDIT inlrn/views/layout.html: 1
[2013-11-13 01:41:20] EDIT inlrn/views/layout.html: 0
[2013-11-13 01:42:02] EDIT inlrn/views/default/index.html: 2
[2013-11-13 01:43:03] EDIT inlrn/views/default/index.html: 1
[2013-11-13 01:45:47] EDIT inlrn/views/default/index.html: 1
[2013-11-13 01:47:11] EDIT inlrn/views/default/index.html: 0
[2013-11-13 01:47:13] EDIT inlrn/views/default/index.html: 0
[2013-11-13 02:01:31] EDIT inlrn/views/default/index.html: 0
[2013-11-13 02:02:53] EDIT inlrn/views/default/index.html: 4
[2013-11-20 02:13:35] CREATE default/classes.html: 0
[2013-11-20 02:14:14] EDIT inlrn/views/default/classes.html: 2
[2013-11-20 02:14:37] CREATE default/class.html: 0
[2013-11-20 02:16:14] EDIT inlrn/views/default/class.html: 5
[2013-11-20 02:16:48] EDIT inlrn/controllers/default.py: 4
[2013-11-20 02:17:45] EDIT inlrn/controllers/default.py: 0
[2013-11-20 02:19:00] EDIT inlrn/controllers/default.py: 0
[2013-11-20 02:19:18] CREATE default/course.html: 0
[2013-11-20 02:19:34] EDIT inlrn/views/default/course.html: 5
[2013-11-20 02:19:59] CREATE default/courses.html: 0
[2013-11-20 02:20:03] EDIT inlrn/views/default/courses.html: 2
[2013-11-20 02:20:22] DELETE inlrn/views/default/classes.html: -5
[2013-11-20 02:20:27] DELETE inlrn/views/default/class.html: -8
[2013-11-20 02:20:47] EDIT inlrn/views/layout.html: 0
[2013-11-20 02:21:06] CREATE default/mission.html: 0
[2013-11-20 02:21:20] EDIT inlrn/views/default/mission.html: 0
[2013-11-20 02:21:44] EDIT inlrn/views/default/courses.html: 0
[2013-11-20 02:23:24] EDIT inlrn/models/menu.py: 0
[2013-11-20 02:23:35] EDIT inlrn/models/menu.py: 0
[2013-11-20 02:25:07] EDIT inlrn/views/default/academies.html: 0
[2013-11-20 02:25:12] EDIT inlrn/views/default/academy.html: 0
[2013-11-20 02:25:29] EDIT inlrn/views/default/courses.html: 1
[2013-11-20 02:25:46] CREATE default/thread.html: 0
[2013-11-20 02:27:08] EDIT inlrn/controllers/default.py: 2
[2013-11-20 02:27:35] EDIT inlrn/models/db.py: -2
[2013-11-20 03:09:37] CREATE default/faq.html: 0
[2013-11-20 03:09:54] EDIT inlrn/controllers/default.py: 2
[2013-11-20 03:10:07] CREATE default/stats.html: 0
[2013-11-20 03:10:16] EDIT inlrn/views/default/stats.html: -1
[2013-11-20 03:12:02] CREATE default/account.html: 0
[2013-11-20 03:12:15] EDIT inlrn/views/default/account.html: -1
[2013-11-20 03:12:32] EDIT inlrn/controllers/default.py: 2
[2013-11-20 14:01:43] EDIT inlrn/controllers/default.py: 0
[2013-11-20 14:02:43] EDIT inlrn/controllers/default.py: 0
[2013-11-20 14:31:43] EDIT inlrn/controllers/default.py: 0
[2013-11-20 14:35:19] EDIT inlrn/models/db.py: 0
[2013-11-20 14:44:01] EDIT inlrn/models/menu.py: 0
[2013-11-20 14:45:46] EDIT inlrn/views/default/index.html: 1
[2013-11-20 14:46:45] EDIT inlrn/views/default/index.html: 2
[2013-11-20 14:47:33] EDIT inlrn/models/menu.py: 0
[2013-11-20 14:48:01] EDIT inlrn/views/default/index.html: -3
[2013-11-20 14:55:25] EDIT inlrn/views/default/about.html: 2
[2013-11-20 15:08:05] EDIT inlrn/views/default/about.html: 9
[2013-11-20 15:08:59] EDIT inlrn/views/default/about.html: -2
[2013-11-20 15:09:01] EDIT inlrn/views/default/about.html: 1
[2013-11-20 17:32:44] CREATE default/transparency.html: 0
[2013-11-20 17:32:51] EDIT inlrn/views/default/transparency.html: -1
[2013-11-20 17:33:01] EDIT inlrn/controllers/default.py: 2
[2013-11-20 17:33:37] EDIT inlrn/views/layout.html: 1
[2013-11-20 17:33:39] EDIT inlrn/views/layout.html: 0
[2013-11-20 18:16:29] EDIT inlrn/views/layout.html: 0
[2013-11-20 18:16:39] EDIT inlrn/views/layout.html: -1
[2013-11-20 18:17:04] EDIT inlrn/views/layout.html: 1
[2013-11-20 18:17:28] EDIT inlrn/views/layout.html: 0
[2013-11-20 18:18:11] DELETE inlrn/views/generic.map: -64
[2013-11-20 18:20:18] EDIT inlrn/models/db.py: 10
[2013-11-20 18:20:22] EDIT inlrn/models/db.py: 0
[2013-11-20 18:20:30] EDIT inlrn/models/db.py: 0
[2013-11-22 14:58:26] EDIT inlrn/views/default/academy.html: 1
[2013-11-22 15:00:25] EDIT inlrn/controllers/default.py: 5
[2013-11-22 15:00:35] EDIT inlrn/views/default/academy.html: 0
[2013-11-22 15:04:09] EDIT inlrn/views/default/academy.html: 2
[2013-11-22 15:05:13] EDIT inlrn/views/default/academy.html: 0
[2013-11-22 15:05:24] EDIT inlrn/views/default/academy.html: 0
[2013-11-22 15:05:34] EDIT inlrn/views/default/academy.html: 1
[2013-11-22 15:06:17] EDIT inlrn/controllers/default.py: 2
[2013-11-22 15:06:27] EDIT inlrn/views/default/academy.html: 1
[2013-11-22 15:06:40] EDIT inlrn/views/default/academy.html: 0
[2013-11-22 15:06:42] EDIT inlrn/views/default/academy.html: -1
[2013-11-22 15:06:58] EDIT inlrn/views/default/academy.html: 1
[2013-11-22 15:13:01] EDIT inlrn/views/default/academy.html: 35
[2013-11-22 15:14:30] EDIT inlrn/views/layout.html: 0
[2013-11-22 15:14:43] EDIT inlrn/views/layout.html: 0
[2013-11-22 15:18:26] EDIT inlrn/views/default/academy.html: 0
[2013-11-22 15:18:27] EDIT inlrn/views/default/academy.html: 0
[2013-11-22 15:20:34] EDIT inlrn/views/default/course.html: 0
[2013-11-22 15:21:30] EDIT inlrn/views/default/academy.html: -4
[2013-11-22 15:22:03] EDIT inlrn/controllers/default.py: -3
[2013-11-22 15:22:22] EDIT inlrn/controllers/default.py: -3
[2013-11-22 15:23:14] EDIT inlrn/views/default/academy.html: 2
[2013-11-22 15:23:38] EDIT inlrn/views/default/academy.html: 0
[2013-11-22 15:23:47] EDIT inlrn/views/default/academy.html: 2
[2013-11-22 15:23:50] EDIT inlrn/controllers/default.py: 6
[2013-11-22 15:25:22] EDIT inlrn/controllers/default.py: 3
[2013-11-22 15:25:23] EDIT inlrn/controllers/default.py: 0
[2013-11-22 15:25:25] EDIT inlrn/controllers/default.py: 0
[2013-11-22 15:26:21] EDIT inlrn/views/default/academies.html: 37
[2013-11-22 15:26:22] EDIT inlrn/views/default/academies.html: 0
[2013-11-22 15:27:17] EDIT inlrn/views/default/academies.html: 0
[2013-11-22 15:28:29] EDIT inlrn/views/default/course.html: 37
[2013-11-22 15:28:29] EDIT inlrn/views/default/course.html: 0
[2013-11-22 15:28:51] EDIT inlrn/views/default/course.html: -1
[2013-11-22 15:29:24] EDIT inlrn/views/default/course.html: 0
[2013-11-22 15:32:04] EDIT inlrn/views/default/course.html: 0
[2013-11-22 15:32:14] EDIT inlrn/views/default/course.html: 0
[2013-11-22 15:40:20] EDIT inlrn/views/default/course.html: 1
[2013-11-22 15:40:21] EDIT inlrn/views/default/course.html: 0
[2013-11-22 15:40:21] EDIT inlrn/views/default/course.html: 0
[2013-11-22 15:50:47] EDIT inlrn/views/default/course.html: 2
[2013-11-22 15:50:47] EDIT inlrn/views/default/course.html: 0
[2013-11-22 15:51:16] EDIT inlrn/views/default/course.html: 1
[2013-11-22 15:51:46] EDIT inlrn/views/default/course.html: 0
[2013-11-22 15:51:57] EDIT inlrn/views/default/course.html: 1
[2013-11-22 16:04:28] EDIT inlrn/views/default/course.html: 3
[2013-11-22 16:15:56] EDIT inlrn/views/default/mission.html: 4
[2013-11-22 16:16:00] EDIT inlrn/views/default/mission.html: 0
[2013-11-22 16:16:39] EDIT inlrn/views/default/transparency.html: 4
[2013-11-22 16:26:33] EDIT inlrn/views/default/faq.html: 4
[2013-11-22 16:26:58] EDIT inlrn/views/default/faq.html: 0
[2013-11-22 16:27:10] EDIT inlrn/views/default/faq.html: 0
[2013-11-22 16:27:20] EDIT inlrn/views/default/faq.html: 1
[2013-11-22 16:27:43] EDIT inlrn/views/default/academies.html: 0
[2013-11-22 16:28:02] EDIT inlrn/views/default/academies.html: 0
[2013-11-22 16:32:34] EDIT inlrn/views/default/academies.html: 0
[2013-11-22 16:32:50] EDIT inlrn/views/default/academies.html: 0
[2013-11-22 16:33:04] EDIT inlrn/views/default/academies.html: 0
[2013-11-22 16:33:42] EDIT inlrn/views/layout.html: 0
[2013-11-22 16:33:43] EDIT inlrn/views/layout.html: 0
[2013-11-22 16:34:09] EDIT inlrn/views/layout.html: 1
[2013-11-22 16:34:09] EDIT inlrn/views/layout.html: 0
[2013-11-22 16:34:42] EDIT inlrn/views/layout.html: 0
[2013-11-22 16:35:09] EDIT inlrn/views/layout.html: 0
[2013-11-22 16:35:25] EDIT inlrn/views/default/academies.html: 0
[2013-11-22 16:35:26] EDIT inlrn/views/default/academies.html: 0
[2013-11-22 16:35:41] EDIT inlrn/views/default/academies.html: 0
[2013-11-22 17:06:41] EDIT inlrn/views/layout.html: 36
[2013-11-22 17:06:41] EDIT inlrn/views/layout.html: 0
[2013-11-22 17:09:25] EDIT inlrn/models/db.py: 12
[2013-11-22 17:09:25] EDIT inlrn/models/db.py: 0
[2013-11-22 17:09:26] EDIT inlrn/models/db.py: 0
[2013-11-22 17:09:26] EDIT inlrn/models/db.py: 0
[2013-11-22 17:09:26] EDIT inlrn/models/db.py: 0
[2013-11-22 17:10:03] EDIT inlrn/controllers/default.py: 0
[2013-11-22 17:11:24] EDIT inlrn/models/db.py: 0
[2013-11-22 17:11:25] EDIT inlrn/models/db.py: 0
[2013-11-22 17:11:41] EDIT inlrn/models/db.py: 0
[2013-11-22 17:14:39] EDIT inlrn/models/db.py: 0
[2013-11-22 17:17:25] EDIT inlrn/models/db.py: 0
[2013-11-22 17:18:06] EDIT inlrn/models/db.py: -1
[2013-11-22 17:18:07] EDIT inlrn/models/db.py: 0
[2013-11-22 17:18:18] EDIT inlrn/models/db.py: 0
[2013-11-22 17:19:23] EDIT inlrn/models/menu.py: 0
[2013-11-22 17:19:26] EDIT inlrn/models/menu.py: 0
[2013-11-22 17:19:57] EDIT inlrn/models/menu.py: 0
[2013-11-22 17:20:41] EDIT inlrn/models/menu.py: 0
[2013-11-22 17:20:42] EDIT inlrn/models/menu.py: 0
[2013-11-22 17:22:38] EDIT inlrn/models/menu.py: 0
[2013-11-22 17:22:38] EDIT inlrn/models/menu.py: 0
[2013-11-22 17:22:38] EDIT inlrn/models/menu.py: 0
[2013-11-22 17:22:40] EDIT inlrn/models/menu.py: 0
[2013-11-25 00:50:12] EDIT inlrn/views/default/index.html: 0
[2013-11-25 00:56:34] EDIT inlrn/views/default/index.html: 10
[2013-11-25 00:56:35] EDIT inlrn/views/default/index.html: 0
[2013-11-25 00:58:05] EDIT inlrn/views/default/index.html: 2
[2013-11-25 00:59:03] EDIT inlrn/views/default/index.html: 0
[2013-11-25 00:59:04] EDIT inlrn/views/default/index.html: 0
[2013-11-25 00:59:57] EDIT inlrn/views/default/discover.html: -1
[2013-11-25 01:03:32] EDIT inlrn/views/layout.html: 1
[2013-11-25 01:03:57] EDIT inlrn/views/layout.html: 1
[2013-11-25 01:04:51] EDIT inlrn/views/layout.html: 1
[2013-11-25 01:10:10] EDIT inlrn/controllers/default.py: 4
[2013-11-25 01:10:15] EDIT inlrn/controllers/default.py: 0
[2013-11-25 01:10:23] EDIT inlrn/controllers/default.py: 0
[2013-11-25 01:10:23] EDIT inlrn/controllers/default.py: 0
[2013-11-25 01:12:36] EDIT inlrn/models/db.py: 0
[2013-11-25 01:12:36] EDIT inlrn/models/db.py: 0
[2013-11-25 01:13:18] EDIT inlrn/controllers/default.py: 2
[2013-11-25 01:13:51] CREATE default/members.html: 0
[2013-11-25 01:14:15] EDIT inlrn/views/default/members.html: -1
[2013-11-25 01:18:59] EDIT inlrn/views/default/members.html: 8
[2013-11-25 01:19:14] EDIT inlrn/views/default/members.html: 0
[2013-11-25 01:19:31] EDIT inlrn/views/default/members.html: 0
[2013-11-25 01:20:39] EDIT inlrn/controllers/default.py: 2
[2013-11-25 01:20:52] CREATE default/search.html: 0
[2013-11-25 01:23:28] EDIT inlrn/views/default/search.html: 2
[2013-11-25 01:26:45] CREATE default/feed.html: 0
[2013-11-25 01:33:36] EDIT inlrn/views/default/feed.html: -1
[2013-11-25 01:33:58] CREATE default/notifications.html: 0
[2013-11-25 01:34:15] EDIT inlrn/views/default/notifications.html: -1
[2013-11-25 01:37:19] EDIT inlrn/controllers/default.py: 4
[2013-11-25 01:37:24] EDIT inlrn/controllers/default.py: 0
[2013-11-25 01:38:05] EDIT inlrn/controllers/default.py: 2
[2013-11-25 01:39:48] EDIT inlrn/controllers/default.py: 0
[2013-11-25 01:40:53] EDIT inlrn/views/default/member.html: 381
[2013-11-25 01:45:45] EDIT inlrn/views/default/member.html: -131
[2013-11-25 01:45:55] EDIT inlrn/views/default/member.html: 0
[2013-11-25 01:46:36] EDIT inlrn/views/default/member.html: 0
[2013-11-25 01:47:07] EDIT inlrn/controllers/default.py: 0
[2013-11-25 01:47:41] EDIT inlrn/views/default/member.html: 0
[2013-11-25 01:49:56] EDIT inlrn/views/default/about.html: 1
[2013-11-25 01:50:20] EDIT inlrn/views/default/about.html: 1
[2013-11-25 01:54:27] EDIT inlrn/models/db.py: 2
[2013-11-25 01:55:37] EDIT inlrn/models/db.py: 0
[2013-11-25 01:58:20] CREATE default/tags.html: 0
[2013-11-25 01:58:47] EDIT inlrn/views/default/tags.html: 1
[2013-11-25 01:59:00] CREATE default/tag.html: 0
[2013-11-25 02:00:03] EDIT inlrn/views/default/tag.html: 2
[2013-11-25 02:00:53] EDIT inlrn/controllers/default.py: 4
[2013-11-25 02:04:08] EDIT inlrn/views/default/account.html: 54
[2013-11-25 02:04:41] EDIT inlrn/views/default/account.html: 0
[2013-11-25 02:09:17] EDIT inlrn/views/default/account.html: 5
[2013-11-25 02:09:18] EDIT inlrn/views/default/account.html: 0
[2013-11-25 02:09:32] EDIT inlrn/views/default/account.html: 0
[2013-11-25 02:12:02] EDIT inlrn/views/default/account.html: 3
[2013-11-25 02:14:07] EDIT inlrn/views/default/account.html: 0
[2013-11-25 02:14:33] EDIT inlrn/views/default/account.html: 0
[2013-11-25 02:14:57] EDIT inlrn/views/default/account.html: 1
[2013-11-25 02:15:50] EDIT inlrn/views/default/account.html: 1
[2013-11-25 02:16:03] EDIT inlrn/views/default/account.html: -1
[2013-11-25 02:23:16] EDIT inlrn/views/default/account.html: 19
[2013-11-25 02:23:41] EDIT inlrn/views/default/account.html: -7
[2013-11-25 02:25:25] EDIT inlrn/views/default/account.html: 4
[2013-11-25 02:28:47] EDIT inlrn/controllers/default.py: 2
[2013-11-25 02:29:02] CREATE default/contact.html: 0
[2013-11-25 02:29:24] EDIT inlrn/views/default/contact.html: -1
[2013-11-25 02:30:13] EDIT inlrn/views/layout.html: 1
[2013-11-25 04:11:35] EDIT inlrn/views/layout.html: 7
[2013-11-25 04:16:43] EDIT inlrn/views/layout.html: 21
[2013-11-25 04:17:20] EDIT inlrn/views/layout.html: 1
[2013-11-25 04:18:26] EDIT inlrn/views/layout.html: -1
[2013-11-25 04:18:27] EDIT inlrn/views/layout.html: 0
[2013-11-25 04:18:48] EDIT inlrn/views/layout.html: 0
[2013-11-25 04:19:01] EDIT inlrn/views/layout.html: 0
[2013-11-25 04:19:13] EDIT inlrn/views/layout.html: 0
[2013-11-25 04:20:15] EDIT inlrn/views/layout.html: -4
[2013-11-25 04:24:02] EDIT inlrn/views/layout.html: 2
[2014-03-29 22:31:56] EDIT inlrn/controllers/default.py: 1
[2014-03-29 22:31:59] EDIT inlrn/controllers/default.py: 0
